This is pdfTeX, Version 3.14159265-2.6-1.40.21 (TeX Live 2020/Debian) (preloaded format=pdflatex 2020.11.20)  20 JUN 2021 21:01
entering extended mode
 restricted \write18 enabled.
 file:line:error style messages enabled.
 %&-line parsing enabled.
**relatorio.tex
(./relatorio.tex
LaTeX2e <2020-02-02> patch level 5
L3 programming layer <2020-07-17>
(/usr/share/texlive/texmf-dist/tex/latex/base/article.cls
Document Class: article 2019/12/20 v1.4l Standard LaTeX document class
(/usr/share/texlive/texmf-dist/tex/latex/base/size10.clo
File: size10.clo 2019/12/20 v1.4l Standard LaTeX file (size option)
)
\c@part=\count168
\c@section=\count169
\c@subsection=\count170
\c@subsubsection=\count171
\c@paragraph=\count172
\c@subparagraph=\count173
\c@figure=\count174
\c@table=\count175
\abovecaptionskip=\skip47
\belowcaptionskip=\skip48
\bibindent=\dimen134
)
(/usr/share/texlive/texmf-dist/tex/latex/base/inputenc.sty
Package: inputenc 2018/08/11 v1.3c Input encoding file
\inpenc@prehook=\toks15
\inpenc@posthook=\toks16
)
(/usr/share/texlive/texmf-dist/tex/latex/natbib/natbib.sty
Package: natbib 2010/09/13 8.31b (PWD, AO)
\bibhang=\skip49
\bibsep=\skip50
LaTeX Info: Redefining \cite on input line 694.
\c@NAT@ctr=\count176
)
(/usr/share/texlive/texmf-dist/tex/latex/graphics/graphicx.sty
Package: graphicx 2019/11/30 v1.2a Enhanced LaTeX Graphics (DPC,SPQR)

(/usr/share/texlive/texmf-dist/tex/latex/graphics/keyval.sty
Package: keyval 2014/10/28 v1.15 key=value parser (DPC)
\KV@toks@=\toks17
)
(/usr/share/texlive/texmf-dist/tex/latex/graphics/graphics.sty
Package: graphics 2019/11/30 v1.4a Standard LaTeX Graphics (DPC,SPQR)

(/usr/share/texlive/texmf-dist/tex/latex/graphics/trig.sty
Package: trig 2016/01/03 v1.10 sin cos tan (DPC)
)
(/usr/share/texlive/texmf-dist/tex/latex/graphics-cfg/graphics.cfg
File: graphics.cfg 2016/06/04 v1.11 sample graphics configuration
)
Package graphics Info: Driver file: pdftex.def on input line 105.

(/usr/share/texlive/texmf-dist/tex/latex/graphics-def/pdftex.def
File: pdftex.def 2018/01/08 v1.0l Graphics/color driver for pdftex
))
\Gin@req@height=\dimen135
\Gin@req@width=\dimen136
)
(/usr/share/texlive/texmf-dist/tex/latex/amsmath/amsmath.sty
Package: amsmath 2020/01/20 v2.17e AMS math features
\@mathmargin=\skip51

For additional information on amsmath, use the `?' option.
(/usr/share/texlive/texmf-dist/tex/latex/amsmath/amstext.sty
Package: amstext 2000/06/29 v2.01 AMS text

(/usr/share/texlive/texmf-dist/tex/latex/amsmath/amsgen.sty
File: amsgen.sty 1999/11/30 v2.0 generic functions
\@emptytoks=\toks18
\ex@=\dimen137
))
(/usr/share/texlive/texmf-dist/tex/latex/amsmath/amsbsy.sty
Package: amsbsy 1999/11/29 v1.2d Bold Symbols
\pmbraise@=\dimen138
)
(/usr/share/texlive/texmf-dist/tex/latex/amsmath/amsopn.sty
Package: amsopn 2016/03/08 v2.02 operator names
)
\inf@bad=\count177
LaTeX Info: Redefining \frac on input line 227.
\uproot@=\count178
\leftroot@=\count179
LaTeX Info: Redefining \overline on input line 389.
\classnum@=\count180
\DOTSCASE@=\count181
LaTeX Info: Redefining \ldots on input line 486.
LaTeX Info: Redefining \dots on input line 489.
LaTeX Info: Redefining \cdots on input line 610.
\Mathstrutbox@=\box45
\strutbox@=\box46
\big@size=\dimen139
LaTeX Font Info:    Redeclaring font encoding OML on input line 733.
LaTeX Font Info:    Redeclaring font encoding OMS on input line 734.
\macc@depth=\count182
\c@MaxMatrixCols=\count183
\dotsspace@=\muskip16
\c@parentequation=\count184
\dspbrk@lvl=\count185
\tag@help=\toks19
\row@=\count186
\column@=\count187
\maxfields@=\count188
\andhelp@=\toks20
\eqnshift@=\dimen140
\alignsep@=\dimen141
\tagshift@=\dimen142
\tagwidth@=\dimen143
\totwidth@=\dimen144
\lineht@=\dimen145
\@envbody=\toks21
\multlinegap=\skip52
\multlinetaggap=\skip53
\mathdisplay@stack=\toks22
LaTeX Info: Redefining \[ on input line 2859.
LaTeX Info: Redefining \] on input line 2860.
)
(/usr/share/texlive/texmf-dist/tex/latex/amsfonts/amssymb.sty
Package: amssymb 2013/01/14 v3.01 AMS font symbols

(/usr/share/texlive/texmf-dist/tex/latex/amsfonts/amsfonts.sty
Package: amsfonts 2013/01/14 v3.01 Basic AMSFonts support
\symAMSa=\mathgroup4
\symAMSb=\mathgroup5
LaTeX Font Info:    Redeclaring math symbol \hbar on input line 98.
LaTeX Font Info:    Overwriting math alphabet `\mathfrak' in version `bold'
(Font)                  U/euf/m/n --> U/euf/b/n on input line 106.
))
(/usr/share/texlive/texmf-dist/tex/latex/float/float.sty
Package: float 2001/11/08 v1.3d Float enhancements (AL)
\c@float@type=\count189
\float@exts=\toks23
\float@box=\box47
\@float@everytoks=\toks24
\@floatcapt=\box48
)
(/usr/share/texlive/texmf-dist/tex/latex/l3backend/l3backend-pdfmode.def
File: l3backend-pdfmode.def 2020-06-29 L3 backend support: PDF mode
\l__kernel_color_stack_int=\count190
\l__pdf_internal_box=\box49
)
(./relatorio.aux

LaTeX Warning: Label `fig:dec5' multiply defined.


LaTeX Warning: Label `fig:hexa5' multiply defined.

)
\openout1 = `relatorio.aux'.

LaTeX Font Info:    Checking defaults for OML/cmm/m/it on input line 19.
LaTeX Font Info:    ... okay on input line 19.
LaTeX Font Info:    Checking defaults for OMS/cmsy/m/n on input line 19.
LaTeX Font Info:    ... okay on input line 19.
LaTeX Font Info:    Checking defaults for OT1/cmr/m/n on input line 19.
LaTeX Font Info:    ... okay on input line 19.
LaTeX Font Info:    Checking defaults for T1/cmr/m/n on input line 19.
LaTeX Font Info:    ... okay on input line 19.
LaTeX Font Info:    Checking defaults for TS1/cmr/m/n on input line 19.
LaTeX Font Info:    ... okay on input line 19.
LaTeX Font Info:    Checking defaults for OMX/cmex/m/n on input line 19.
LaTeX Font Info:    ... okay on input line 19.
LaTeX Font Info:    Checking defaults for U/cmr/m/n on input line 19.
LaTeX Font Info:    ... okay on input line 19.
 (/usr/share/texlive/texmf-dist/tex/context/base/mkii/supp-pdf.mkii
[Loading MPS to PDF converter (version 2006.09.02).]
\scratchcounter=\count191
\scratchdimen=\dimen146
\scratchbox=\box50
\nofMPsegments=\count192
\nofMParguments=\count193
\everyMPshowfont=\toks25
\MPscratchCnt=\count194
\MPscratchDim=\dimen147
\MPnumerator=\count195
\makeMPintoPDFobject=\count196
\everyMPtoPDFconversion=\toks26
) (/usr/share/texlive/texmf-dist/tex/latex/epstopdf-pkg/epstopdf-base.sty
Package: epstopdf-base 2020-01-24 v2.11 Base part for package epstopdf
Package epstopdf-base Info: Redefining graphics rule for `.eps' on input line 4
85.

(/usr/share/texlive/texmf-dist/tex/latex/latexconfig/epstopdf-sys.cfg
File: epstopdf-sys.cfg 2010/07/13 v1.3 Configuration of (r)epstopdf for TeX Liv
e
))
LaTeX Font Info:    Trying to load font information for U+msa on input line 21.


(/usr/share/texlive/texmf-dist/tex/latex/amsfonts/umsa.fd
File: umsa.fd 2013/01/14 v3.01 AMS symbols A
)
LaTeX Font Info:    Trying to load font information for U+msb on input line 21.


(/usr/share/texlive/texmf-dist/tex/latex/amsfonts/umsb.fd
File: umsb.fd 2013/01/14 v3.01 AMS symbols B
) (./relatorio.toc)
\tf@toc=\write3
\openout3 = `relatorio.toc'.


(./relatorio.lof [1

{/var/lib/texmf/fonts/map/pdftex/updmap/pdftex.map}])
\tf@lof=\write4
\openout4 = `relatorio.lof'.

<./CasoBin1.png, id=11, 221.32687pt x 136.25906pt>
File: ./CasoBin1.png Graphic file (type png)
<use ./CasoBin1.png>
Package pdftex.def Info: ./CasoBin1.png  used on input line 29.
(pdftex.def)             Requested size: 345.0pt x 212.4094pt.
<./CasoBin2.png, id=12, 221.32687pt x 142.28156pt>
File: ./CasoBin2.png Graphic file (type png)
<use ./CasoBin2.png>
Package pdftex.def Info: ./CasoBin2.png  used on input line 35.
(pdftex.def)             Requested size: 345.0pt x 221.79767pt.

[2 <./CasoBin1.png (PNG copy)>]
<./CasoBin3.png, id=16, 221.32687pt x 135.50626pt>
File: ./CasoBin3.png Graphic file (type png)
<use ./CasoBin3.png>
Package pdftex.def Info: ./CasoBin3.png  used on input line 41.
(pdftex.def)             Requested size: 345.0pt x 211.23587pt.
<./CasoBin4.png, id=17, 221.32687pt x 135.50626pt>
File: ./CasoBin4.png Graphic file (type png)
<use ./CasoBin4.png>
Package pdftex.def Info: ./CasoBin4.png  used on input line 47.
(pdftex.def)             Requested size: 345.0pt x 211.23587pt.
 [3 <./CasoBin2.png (PNG copy)> <./CasoBin3.png (PNG copy)>]
<./CasoBin5.png, id=21, 221.32687pt x 135.50626pt>
File: ./CasoBin5.png Graphic file (type png)
<use ./CasoBin5.png>
Package pdftex.def Info: ./CasoBin5.png  used on input line 53.
(pdftex.def)             Requested size: 345.0pt x 211.23587pt.
<./CasoBin6.png, id=22, 221.32687pt x 145.29282pt>
File: ./CasoBin6.png Graphic file (type png)
<use ./CasoBin6.png>
Package pdftex.def Info: ./CasoBin6.png  used on input line 59.
(pdftex.def)             Requested size: 345.0pt x 226.4918pt.
 [4 <./CasoBin4.png (PNG copy)> <./CasoBin5.png (PNG copy)>]
<./CasoBin7.png, id=26, 249.18094pt x 143.03438pt>
File: ./CasoBin7.png Graphic file (type png)
<use ./CasoBin7.png>
Package pdftex.def Info: ./CasoBin7.png  used on input line 65.
(pdftex.def)             Requested size: 345.0pt x 198.0533pt.
<./CasoBin8.png, id=27, 220.57407pt x 131.74219pt>
File: ./CasoBin8.png Graphic file (type png)
<use ./CasoBin8.png>
Package pdftex.def Info: ./CasoBin8.png  used on input line 71.
(pdftex.def)             Requested size: 345.0pt x 206.06776pt.

[5 <./CasoBin6.png (PNG copy)> <./CasoBin7.png (PNG copy)>]
<./CasoDec1.png, id=31, 227.34938pt x 137.01187pt>
File: ./CasoDec1.png Graphic file (type png)
<use ./CasoDec1.png>
Package pdftex.def Info: ./CasoDec1.png  used on input line 79.
(pdftex.def)             Requested size: 345.0pt x 207.91734pt.
<./CasoDec2.png, id=32, 227.34938pt x 134.00063pt>
File: ./CasoDec2.png Graphic file (type png)
<use ./CasoDec2.png>
Package pdftex.def Info: ./CasoDec2.png  used on input line 85.
(pdftex.def)             Requested size: 345.0pt x 203.3477pt.
 [6 <./CasoBin8.png (PNG copy)> <./CasoDec1.png (PNG copy)>]
<./CasoDec3.png, id=36, 227.34938pt x 134.00063pt>
File: ./CasoDec3.png Graphic file (type png)
<use ./CasoDec3.png>
Package pdftex.def Info: ./CasoDec3.png  used on input line 91.
(pdftex.def)             Requested size: 345.0pt x 203.3477pt.
<./CasoDec4.png, id=37, 227.34938pt x 134.00063pt>
File: ./CasoDec4.png Graphic file (type png)
<use ./CasoDec4.png>
Package pdftex.def Info: ./CasoDec4.png  used on input line 97.
(pdftex.def)             Requested size: 345.0pt x 203.3477pt.
 [7 <./CasoDec2.png (PNG copy)> <./CasoDec3.png (PNG copy)>]
<./CasoDec5.png, id=42, 227.34938pt x 134.00063pt>
File: ./CasoDec5.png Graphic file (type png)
<use ./CasoDec5.png>
Package pdftex.def Info: ./CasoDec5.png  used on input line 103.
(pdftex.def)             Requested size: 345.0pt x 203.3477pt.
<./CasoDec6.png, id=43, 227.34938pt x 134.00063pt>
File: ./CasoDec6.png Graphic file (type png)
<use ./CasoDec6.png>
Package pdftex.def Info: ./CasoDec6.png  used on input line 109.
(pdftex.def)             Requested size: 345.0pt x 203.3477pt.
 [8 <./CasoDec4.png (PNG copy)> <./CasoDec5.png (PNG copy)>]
<./CasoDec7.png, id=47, 227.34938pt x 134.00063pt>
File: ./CasoDec7.png Graphic file (type png)
<use ./CasoDec7.png>
Package pdftex.def Info: ./CasoDec7.png  used on input line 115.
(pdftex.def)             Requested size: 345.0pt x 203.3477pt.
<./CasoDec8.png, id=48, 249.18094pt x 143.78719pt>
File: ./CasoDec8.png Graphic file (type png)
<use ./CasoDec8.png>
Package pdftex.def Info: ./CasoDec8.png  used on input line 121.
(pdftex.def)             Requested size: 345.0pt x 199.0957pt.
 [9 <./CasoDec6.png (PNG copy)> <./CasoDec7.png (PNG copy)>]
<./CasoHexa1.png, id=52, 320.69812pt x 131.74219pt>
File: ./CasoHexa1.png Graphic file (type png)
<use ./CasoHexa1.png>
Package pdftex.def Info: ./CasoHexa1.png  used on input line 129.
(pdftex.def)             Requested size: 345.0pt x 141.72862pt.
<./CasoHexa2.png, id=53, 320.69812pt x 131.74219pt>
File: ./CasoHexa2.png Graphic file (type png)
<use ./CasoHexa2.png>
Package pdftex.def Info: ./CasoHexa2.png  used on input line 135.
(pdftex.def)             Requested size: 345.0pt x 141.72862pt.
 [10 <./CasoDec8.png (PNG copy)> <./CasoHexa1.png (PNG copy)>]
<./CasoHexa3.png, id=57, 320.69812pt x 131.74219pt>
File: ./CasoHexa3.png Graphic file (type png)
<use ./CasoHexa3.png>
Package pdftex.def Info: ./CasoHexa3.png  used on input line 141.
(pdftex.def)             Requested size: 345.0pt x 141.72862pt.
<./CasoHexa4.png, id=58, 320.69812pt x 131.74219pt>
File: ./CasoHexa4.png Graphic file (type png)
<use ./CasoHexa4.png>
Package pdftex.def Info: ./CasoHexa4.png  used on input line 147.
(pdftex.def)             Requested size: 345.0pt x 141.72862pt.
<./CasoHexa5.png, id=59, 320.69812pt x 131.74219pt>
File: ./CasoHexa5.png Graphic file (type png)
<use ./CasoHexa5.png>
Package pdftex.def Info: ./CasoHexa5.png  used on input line 153.
(pdftex.def)             Requested size: 345.0pt x 141.72862pt.
 [11 <./CasoHexa2.png (PNG copy)> <./CasoHexa3.png (PNG copy)> <./CasoHexa4.png
 (PNG copy)>]
<./CasoHexa6.png, id=63, 320.69812pt x 131.74219pt>
File: ./CasoHexa6.png Graphic file (type png)
<use ./CasoHexa6.png>
Package pdftex.def Info: ./CasoHexa6.png  used on input line 159.
(pdftex.def)             Requested size: 345.0pt x 141.72862pt.
<./CasoHexa7.png, id=64, 320.69812pt x 143.03438pt>
File: ./CasoHexa7.png Graphic file (type png)
<use ./CasoHexa7.png>
Package pdftex.def Info: ./CasoHexa7.png  used on input line 165.
(pdftex.def)             Requested size: 345.0pt x 153.87679pt.
 [12 <./CasoHexa5.png (PNG copy)> <./CasoHexa6.png (PNG copy)>]
<./CasoHexa8.png, id=68, 324.46219pt x 131.74219pt>
File: ./CasoHexa8.png Graphic file (type png)
<use ./CasoHexa8.png>
Package pdftex.def Info: ./CasoHexa8.png  used on input line 171.
(pdftex.def)             Requested size: 345.0pt x 140.09029pt.
<./CasoErro1.png, id=69, 221.32687pt x 124.21407pt>
File: ./CasoErro1.png Graphic file (type png)
<use ./CasoErro1.png>
Package pdftex.def Info: ./CasoErro1.png  used on input line 179.
(pdftex.def)             Requested size: 345.0pt x 193.63287pt.
 [13 <./CasoHexa7.png (PNG copy)> <./CasoHexa8.png (PNG copy)>]
<./CasoErro2.png, id=74, 221.32687pt x 124.21407pt>
File: ./CasoErro2.png Graphic file (type png)
<use ./CasoErro2.png>
Package pdftex.def Info: ./CasoErro2.png  used on input line 185.
(pdftex.def)             Requested size: 345.0pt x 193.63287pt.
 [14 <./CasoErro1.png (PNG copy)> <./CasoErro2.png (PNG copy)>] (./relatorio.au
x)

LaTeX Warning: There were multiply-defined labels.

 ) 
Here is how much of TeX's memory you used:
 2947 strings out of 480906
 38224 string characters out of 5910771
 277856 words of memory out of 5000000
 18501 multiletter control sequences out of 15000+600000
 542644 words of font info for 59 fonts, out of 8000000 for 9000
 1141 hyphenation exceptions out of 8191
 36i,7n,33p,225b,221s stack positions out of 5000i,500n,10000p,200000b,80000s
</usr/share/texlive/texmf-dist/fonts/type1/public/amsfonts/cm/cmbx10.pfb></us
r/share/texlive/texmf-dist/fonts/type1/public/amsfonts/cm/cmbx12.pfb></usr/shar
e/texlive/texmf-dist/fonts/type1/public/amsfonts/cm/cmr10.pfb></usr/share/texli
ve/texmf-dist/fonts/type1/public/amsfonts/cm/cmr12.pfb></usr/share/texlive/texm
f-dist/fonts/type1/public/amsfonts/cm/cmr17.pfb>
Output written on relatorio.pdf (14 pages, 168157 bytes).
PDF statistics:
 96 PDF objects out of 1000 (max. 8388607)
 48 compressed objects within 1 object stream
 0 named destinations out of 1000 (max. 500000)
 131 words of extra memory for PDF output out of 10000 (max. 10000000)

